2020-06-11T22:55:22:368 SQL(/data05/virt69575/domeenid/www.best.ee/points/util/updateDatabase.php, Data upload):
Unknown column 'activity_timestamp_end' in 'field list'
2020-06-11T22:57:02:659 SQL(/data05/virt69575/domeenid/www.best.ee/points/util/updateDatabase.php, Data upload):
Unknown column 'activity_timestamp_end' in 'field list'
2023-10-11T15:57:26:178 SQL(/home/hannes/Projects/Best/punktid.best.ee/util/SQL_session.php, Session estabilishment and configuration):
Connection timed out
2023-10-11T15:58:26:304 SQL(/home/hannes/Projects/Best/punktid.best.ee/util/SQL_session.php, Session estabilishment and configuration):
Connection timed out
2023-10-11T15:59:26:454 SQL(/home/hannes/Projects/Best/punktid.best.ee/util/SQL_session.php, Session estabilishment and configuration):
Connection timed out
2023-10-11T15:59:55:956 SQL(/home/hannes/Projects/Best/punktid.best.ee/util/SQL_session.php, Session estabilishment and configuration):
Operation now in progress
2023-10-11T16:00:37:149 SQL(/home/hannes/Projects/Best/punktid.best.ee/util/SQL_session.php, Session estabilishment and configuration):
Operation now in progress
2023-10-11T16:03:44:158 SQL(/home/hannes/Projects/Best/punktid.best.ee/util/SQL_session.php, Session estabilishment and configuration):
Connection timed out
2023-10-11T16:04:44:306 SQL(/home/hannes/Projects/Best/punktid.best.ee/util/SQL_session.php, Session estabilishment and configuration):
Connection timed out
2023-10-11T16:04:52:872 SQL(/home/hannes/Projects/Best/punktid.best.ee/util/SQL_session.php, Session estabilishment and configuration):
Operation now in progress
2023-10-11T16:40:37:825 SQL(/home/hannes/Projects/Best/punktid.best.ee/util/SQL_session.php, Session estabilishment and configuration):
No such file or directory
2023-10-11T16:40:37:825 SQL(/home/hannes/Projects/Best/punktid.best.ee/util/SQL_session.php, Session estabilishment and configuration):
No such file or directory
2023-10-11T16:40:37:826 SQL(/home/hannes/Projects/Best/punktid.best.ee/util/SQL_session.php, Session estabilishment and configuration):
No such file or directory
2023-10-11T16:40:37:826 SQL(/home/hannes/Projects/Best/punktid.best.ee/util/SQL_session.php, Session estabilishment and configuration):
No such file or directory
2023-10-11T16:40:37:827 SQL(/home/hannes/Projects/Best/punktid.best.ee/util/SQL_session.php, Session estabilishment and configuration):
No such file or directory
2023-10-11T16:40:37:828 SQL(/home/hannes/Projects/Best/punktid.best.ee/util/SQL_session.php, Session estabilishment and configuration):
No such file or directory
2023-10-11T16:40:37:828 SQL(/home/hannes/Projects/Best/punktid.best.ee/util/SQL_session.php, Session estabilishment and configuration):
No such file or directory
2023-10-11T16:40:37:828 SQL(/home/hannes/Projects/Best/punktid.best.ee/util/SQL_session.php, Session estabilishment and configuration):
No such file or directory
2023-10-11T17:07:33:972 SQL(/home/hannes/Projects/Best/punktid.best.ee/util/SQL_session.php, Session estabilishment and configuration):
No such file or directory
2023-10-11T17:07:33:973 SQL(/home/hannes/Projects/Best/punktid.best.ee/util/SQL_session.php, Session estabilishment and configuration):
No such file or directory
2023-10-11T17:07:33:973 SQL(/home/hannes/Projects/Best/punktid.best.ee/util/SQL_session.php, Session estabilishment and configuration):
No such file or directory
2023-10-11T17:07:33:974 SQL(/home/hannes/Projects/Best/punktid.best.ee/util/SQL_session.php, Session estabilishment and configuration):
No such file or directory
2023-10-11T17:07:33:975 SQL(/home/hannes/Projects/Best/punktid.best.ee/util/SQL_session.php, Session estabilishment and configuration):
No such file or directory
2023-10-11T17:07:33:985 SQL(/home/hannes/Projects/Best/punktid.best.ee/util/SQL_session.php, Session estabilishment and configuration):
No such file or directory
2023-10-11T17:07:33:986 SQL(/home/hannes/Projects/Best/punktid.best.ee/util/SQL_session.php, Session estabilishment and configuration):
No such file or directory
2023-10-11T17:07:33:987 SQL(/home/hannes/Projects/Best/punktid.best.ee/util/SQL_session.php, Session estabilishment and configuration):
No such file or directory
2023-10-11T17:08:09:208 SQL(/home/hannes/Projects/Best/punktid.best.ee/util/SQL_session.php, Session estabilishment and configuration):
No such file or directory
2023-10-11T17:08:09:209 SQL(/home/hannes/Projects/Best/punktid.best.ee/util/SQL_session.php, Session estabilishment and configuration):
No such file or directory
2023-10-11T17:08:09:210 SQL(/home/hannes/Projects/Best/punktid.best.ee/util/SQL_session.php, Session estabilishment and configuration):
No such file or directory
2023-10-11T17:08:09:210 SQL(/home/hannes/Projects/Best/punktid.best.ee/util/SQL_session.php, Session estabilishment and configuration):
No such file or directory
2023-10-11T17:08:09:211 SQL(/home/hannes/Projects/Best/punktid.best.ee/util/SQL_session.php, Session estabilishment and configuration):
No such file or directory
2023-10-11T17:08:09:212 SQL(/home/hannes/Projects/Best/punktid.best.ee/util/SQL_session.php, Session estabilishment and configuration):
No such file or directory
2023-10-11T17:08:09:213 SQL(/home/hannes/Projects/Best/punktid.best.ee/util/SQL_session.php, Session estabilishment and configuration):
No such file or directory
2023-10-11T17:08:09:213 SQL(/home/hannes/Projects/Best/punktid.best.ee/util/SQL_session.php, Session estabilishment and configuration):
No such file or directory
2023-10-11T17:08:57:007 SQL(/home/hannes/Projects/Best/punktid.best.ee/util/SQL_session.php, Session estabilishment and configuration):
No such file or directory
2023-10-11T17:08:57:008 SQL(/home/hannes/Projects/Best/punktid.best.ee/util/SQL_session.php, Session estabilishment and configuration):
No such file or directory
2023-10-11T17:08:57:009 SQL(/home/hannes/Projects/Best/punktid.best.ee/util/SQL_session.php, Session estabilishment and configuration):
No such file or directory
2023-10-11T17:08:57:009 SQL(/home/hannes/Projects/Best/punktid.best.ee/util/SQL_session.php, Session estabilishment and configuration):
No such file or directory
2023-10-11T17:08:57:010 SQL(/home/hannes/Projects/Best/punktid.best.ee/util/SQL_session.php, Session estabilishment and configuration):
No such file or directory
2023-10-11T17:08:57:020 SQL(/home/hannes/Projects/Best/punktid.best.ee/util/SQL_session.php, Session estabilishment and configuration):
No such file or directory
2023-10-11T17:08:57:020 SQL(/home/hannes/Projects/Best/punktid.best.ee/util/SQL_session.php, Session estabilishment and configuration):
No such file or directory
2023-10-11T17:08:57:021 SQL(/home/hannes/Projects/Best/punktid.best.ee/util/SQL_session.php, Session estabilishment and configuration):
No such file or directory
